#
# There is insufficient memory for the Java Runtime Environment to continue.
# Native memory allocation (mmap) failed to map 7340032 bytes. Error detail: G1 virtual space
# Possible reasons:
#   The system is out of physical RAM or swap space
#   This process is running with CompressedOops enabled, and the Java Heap may be blocking the growth of the native heap
# Possible solutions:
#   Reduce memory load on the system
#   Increase physical memory or swap space
#   Check if swap backing store is full
#   Decrease Java heap size (-Xmx/-Xms)
#   Decrease number of Java threads
#   Decrease Java thread stack sizes (-Xss)
#   Set larger code cache with -XX:ReservedCodeCacheSize=
#   JVM is running with Unscaled Compressed Oops mode in which the Java heap is
#     placed in the first 4GB address space. The Java Heap base address is the
#     maximum limit for the native heap growth. Please use -XX:HeapBaseMinAddress
#     to set the Java Heap base and to place the Java Heap above 4GB virtual address.
# This output file may be truncated or incomplete.
#
#  Out of Memory Error (os_windows.cpp:3825), pid=19200, tid=3036
#
# JRE version: OpenJDK Runtime Environment (17.0.11) (build 17.0.11+0--11852314)
# Java VM: OpenJDK 64-Bit Server VM (17.0.11+0--11852314, mixed mode, tiered, compressed oops, compressed class ptrs, g1 gc, windows-amd64)
# No core dump will be written. Minidumps are not enabled by default on client versions of Windows
#

---------------  S U M M A R Y ------------

Command Line: org.jetbrains.kotlin.cli.jvm.K2JVMCompiler @D:\MyFinalSubmission\app\build\20241003_1434851010017640906.compiler.options

Host: AMD Ryzen 5 5600H with Radeon Graphics         , 12 cores, 7G,  Windows 11 , 64 bit Build 22621 (10.0.22621.3958)
Time: Thu Oct  3 10:33:01 2024 Malay Peninsula Standard Time elapsed time: 7.600695 seconds (0d 0h 0m 7s)

---------------  T H R E A D  ---------------

Current thread (0x000001a8071f3be0):  VMThread "VM Thread" [stack: 0x00000057ec700000,0x00000057ec800000] [id=3036]

Stack: [0x00000057ec700000,0x00000057ec800000]
Native frames: (J=compiled Java code, j=interpreted, Vv=VM code, C=native code)
V  [jvm.dll+0x687bb9]
V  [jvm.dll+0x84142a]
V  [jvm.dll+0x8430ae]
V  [jvm.dll+0x843713]
V  [jvm.dll+0x24a35f]
V  [jvm.dll+0x684989]
V  [jvm.dll+0x67923a]
V  [jvm.dll+0x30af0b]
V  [jvm.dll+0x3123b6]
V  [jvm.dll+0x361dfe]
V  [jvm.dll+0x36202f]
V  [jvm.dll+0x2e0d38]
V  [jvm.dll+0x2df144]
V  [jvm.dll+0x2de74c]
V  [jvm.dll+0x32305b]
V  [jvm.dll+0x847e0b]
V  [jvm.dll+0x848b42]
V  [jvm.dll+0x84905d]
V  [jvm.dll+0x849434]
V  [jvm.dll+0x849500]
V  [jvm.dll+0x7efa4a]
V  [jvm.dll+0x686a35]
C  [ucrtbase.dll+0x29333]
C  [KERNEL32.DLL+0x1257d]
C  [ntdll.dll+0x5af28]

VM_Operation (0x00000057ec1fd6e0): G1CollectForAllocation, mode: safepoint, requested by thread 0x000001a86d43c280


---------------  P R O C E S S  ---------------

Threads class SMR info:
_java_thread_list=0x000001a807510f30, length=12, elements={
0x000001a86d43c280, 0x000001a807354270, 0x000001a807354ef0, 0x000001a8073887b0,
0x000001a80737c8d0, 0x000001a80737f2a0, 0x000001a80737fc60, 0x000001a807380f60,
0x000001a80738dab0, 0x000001a807399a00, 0x000001a8074fc130, 0x000001a807511110
}

Java Threads: ( => current thread )
  0x000001a86d43c280 JavaThread "main" [_thread_blocked, id=7936, stack(0x00000057ec100000,0x00000057ec200000)]
  0x000001a807354270 JavaThread "Reference Handler" daemon [_thread_blocked, id=13352, stack(0x00000057ec800000,0x00000057ec900000)]
  0x000001a807354ef0 JavaThread "Finalizer" daemon [_thread_blocked, id=10492, stack(0x00000057ec900000,0x00000057eca00000)]
  0x000001a8073887b0 JavaThread "Signal Dispatcher" daemon [_thread_blocked, id=5476, stack(0x00000057eca00000,0x00000057ecb00000)]
  0x000001a80737c8d0 JavaThread "Attach Listener" daemon [_thread_blocked, id=11648, stack(0x00000057ecb00000,0x00000057ecc00000)]
  0x000001a80737f2a0 JavaThread "Service Thread" daemon [_thread_blocked, id=16188, stack(0x00000057ecc00000,0x00000057ecd00000)]
  0x000001a80737fc60 JavaThread "Monitor Deflation Thread" daemon [_thread_blocked, id=21056, stack(0x00000057ecd00000,0x00000057ece00000)]
  0x000001a807380f60 JavaThread "C2 CompilerThread0" daemon [_thread_in_native, id=20188, stack(0x00000057ece00000,0x00000057ecf00000)]
  0x000001a80738dab0 JavaThread "C1 CompilerThread0" daemon [_thread_blocked, id=23536, stack(0x00000057ecf00000,0x00000057ed000000)]
  0x000001a807399a00 JavaThread "Sweeper thread" daemon [_thread_blocked, id=23964, stack(0x00000057ed000000,0x00000057ed100000)]
  0x000001a8074fc130 JavaThread "Notification Thread" daemon [_thread_blocked, id=5380, stack(0x00000057ed100000,0x00000057ed200000)]
  0x000001a807511110 JavaThread "Common-Cleaner" daemon [_thread_blocked, id=22280, stack(0x00000057ed300000,0x00000057ed400000)]

Other Threads:
=>0x000001a8071f3be0 VMThread "VM Thread" [stack: 0x00000057ec700000,0x00000057ec800000] [id=3036]
  0x000001a80742d0a0 WatcherThread [stack: 0x00000057ed200000,0x00000057ed300000] [id=24256]
  0x000001a86d496c40 GCTaskThread "GC Thread#0" [stack: 0x00000057ec200000,0x00000057ec300000] [id=3228]
  0x000001a80c35d2d0 GCTaskThread "GC Thread#1" [stack: 0x00000057ed400000,0x00000057ed500000] [id=20676]
  0x000001a80c37dbc0 GCTaskThread "GC Thread#2" [stack: 0x00000057ed500000,0x00000057ed600000] [id=16004]
  0x000001a80c37de80 GCTaskThread "GC Thread#3" [stack: 0x00000057ed600000,0x00000057ed700000] [id=18692]
  0x000001a80c37e140 GCTaskThread "GC Thread#4" [stack: 0x00000057ed700000,0x00000057ed800000] [id=2304]
  0x000001a80c8d28d0 GCTaskThread "GC Thread#5" [stack: 0x00000057ed800000,0x00000057ed900000] [id=20948]
  0x000001a80c901530 GCTaskThread "GC Thread#6" [stack: 0x00000057ed900000,0x00000057eda00000] [id=18020]
  0x000001a80c89e530 GCTaskThread "GC Thread#7" [stack: 0x00000057eda00000,0x00000057edb00000] [id=21600]
  0x000001a80c89e7f0 GCTaskThread "GC Thread#8" [stack: 0x00000057edb00000,0x00000057edc00000] [id=18704]
  0x000001a80cbc83a0 GCTaskThread "GC Thread#9" [stack: 0x00000057ede00000,0x00000057edf00000] [id=15364]
  0x000001a86d4a70b0 ConcurrentGCThread "G1 Main Marker" [stack: 0x00000057ec300000,0x00000057ec400000] [id=22272]
  0x000001a86d4a7ad0 ConcurrentGCThread "G1 Conc#0" [stack: 0x00000057ec400000,0x00000057ec500000] [id=10724]
  0x000001a80c8e79c0 ConcurrentGCThread "G1 Conc#1" [stack: 0x00000057edc00000,0x00000057edd00000] [id=15316]
  0x000001a80c8e7c80 ConcurrentGCThread "G1 Conc#2" [stack: 0x00000057edd00000,0x00000057ede00000] [id=4080]
  0x000001a8070484f0 ConcurrentGCThread "G1 Refine#0" [stack: 0x00000057ec500000,0x00000057ec600000] [id=21948]
  0x000001a807048e30 ConcurrentGCThread "G1 Service" [stack: 0x00000057ec600000,0x00000057ec700000] [id=23512]

Threads with active compile tasks:
C2 CompilerThread0     7646 4741       4       org.jetbrains.org.objectweb.asm.ClassReader::readMethod (1061 bytes)
C1 CompilerThread0     7646 5121       2       org.jetbrains.kotlin.resolve.lazy.descriptors.LazyClassDescriptor::getValueClassRepresentation (170 bytes)

VM state: at safepoint (normal execution)

VM Mutex/Monitor currently owned by a thread:  ([mutex/lock_event])
[0x000001a86d437a80] Threads_lock - owner thread: 0x000001a8071f3be0
[0x000001a86d436fd0] Heap_lock - owner thread: 0x000001a86d43c280

Heap address: 0x0000000089800000, size: 1896 MB, Compressed Oops mode: 32-bit

CDS archive(s) not mapped
Compressed class space mapped at: 0x0000000100000000-0x0000000140000000, reserved size: 1073741824
Narrow klass base: 0x0000000000000000, Narrow klass shift: 3, Narrow klass range: 0x140000000

GC Precious Log:
 CPUs: 12 total, 12 available
 Memory: 7583M
 Large Page Support: Disabled
 NUMA Support: Disabled
 Compressed Oops: Enabled (32-bit)
 Heap Region Size: 1M
 Heap Min Capacity: 8M
 Heap Initial Capacity: 120M
 Heap Max Capacity: 1896M
 Pre-touch: Disabled
 Parallel Workers: 10
 Concurrent Workers: 3
 Concurrent Refinement Workers: 10
 Periodic GC: Disabled

Heap:
 garbage-first heap   total 88064K, used 39833K [0x0000000089800000, 0x0000000100000000)
  region size 1024K, 1 young (1024K), 1 survivors (1024K)
 Metaspace       used 51406K, committed 51648K, reserved 1114112K
  class space    used 6110K, committed 6208K, reserved 1048576K

Heap Regions: E=young(eden), S=young(survivor), O=old, HS=humongous(starts), HC=humongous(continues), CS=collection set, F=free, OA=open archive, CA=closed archive, TAMS=top-at-mark-start (previous, next)
|   0|0x0000000089800000, 0x0000000089900000, 0x0000000089900000|100%|HS|  |TAMS 0x0000000089900000, 0x0000000089800000| Complete 
|   1|0x0000000089900000, 0x0000000089a00000, 0x0000000089a00000|100%|HC|  |TAMS 0x0000000089a00000, 0x0000000089900000| Complete 
|   2|0x0000000089a00000, 0x0000000089b00000, 0x0000000089b00000|100%|HC|  |TAMS 0x0000000089b00000, 0x0000000089a00000| Complete 
|   3|0x0000000089b00000, 0x0000000089c00000, 0x0000000089c00000|100%|HC|  |TAMS 0x0000000089c00000, 0x0000000089b00000| Complete 
|   4|0x0000000089c00000, 0x0000000089d00000, 0x0000000089d00000|100%| O|  |TAMS 0x0000000089d00000, 0x0000000089c00000| Untracked 
|   5|0x0000000089d00000, 0x0000000089e00000, 0x0000000089e00000|100%| O|  |TAMS 0x0000000089e00000, 0x0000000089d00000| Untracked 
|   6|0x0000000089e00000, 0x0000000089f00000, 0x0000000089f00000|100%| O|  |TAMS 0x0000000089f00000, 0x0000000089e00000| Untracked 
|   7|0x0000000089f00000, 0x000000008a000000, 0x000000008a000000|100%| O|  |TAMS 0x000000008a000000, 0x0000000089f00000| Untracked 
|   8|0x000000008a000000, 0x000000008a100000, 0x000000008a100000|100%| O|  |TAMS 0x000000008a100000, 0x000000008a000000| Untracked 
|   9|0x000000008a100000, 0x000000008a100000, 0x000000008a200000|  0%| F|  |TAMS 0x000000008a100000, 0x000000008a100000| Untracked 
|  10|0x000000008a200000, 0x000000008a300000, 0x000000008a300000|100%| O|  |TAMS 0x000000008a300000, 0x000000008a200000| Untracked 
|  11|0x000000008a300000, 0x000000008a400000, 0x000000008a400000|100%| O|  |TAMS 0x000000008a400000, 0x000000008a300000| Untracked 
|  12|0x000000008a400000, 0x000000008a500000, 0x000000008a500000|100%| O|  |TAMS 0x000000008a500000, 0x000000008a400000| Untracked 
|  13|0x000000008a500000, 0x000000008a600000, 0x000000008a600000|100%| O|  |TAMS 0x000000008a600000, 0x000000008a500000| Untracked 
|  14|0x000000008a600000, 0x000000008a700000, 0x000000008a700000|100%| O|  |TAMS 0x000000008a700000, 0x000000008a600000| Untracked 
|  15|0x000000008a700000, 0x000000008a800000, 0x000000008a800000|100%| O|  |TAMS 0x000000008a800000, 0x000000008a700000| Untracked 
|  16|0x000000008a800000, 0x000000008a900000, 0x000000008a900000|100%| O|  |TAMS 0x000000008a900000, 0x000000008a800000| Untracked 
|  17|0x000000008a900000, 0x000000008aa00000, 0x000000008aa00000|100%| O|  |TAMS 0x000000008aa00000, 0x000000008a900000| Untracked 
|  18|0x000000008aa00000, 0x000000008ab00000, 0x000000008ab00000|100%|HS|  |TAMS 0x000000008ab00000, 0x000000008aa00000| Complete 
|  19|0x000000008ab00000, 0x000000008ac00000, 0x000000008ac00000|100%|HC|  |TAMS 0x000000008ac00000, 0x000000008ab00000| Complete 
|  20|0x000000008ac00000, 0x000000008ad00000, 0x000000008ad00000|100%| O|  |TAMS 0x000000008ad00000, 0x000000008ac00000| Untracked 
|  21|0x000000008ad00000, 0x000000008ae00000, 0x000000008ae00000|100%| O|  |TAMS 0x000000008ae00000, 0x000000008ad00000| Untracked 
|  22|0x000000008ae00000, 0x000000008af00000, 0x000000008af00000|100%| O|  |TAMS 0x000000008af00000, 0x000000008ae00000| Untracked 
|  23|0x000000008af00000, 0x000000008b000000, 0x000000008b000000|100%| O|  |TAMS 0x000000008b000000, 0x000000008af00000| Untracked 
|  24|0x000000008b000000, 0x000000008b100000, 0x000000008b100000|100%| O|  |TAMS 0x000000008b100000, 0x000000008b000000| Untracked 
|  25|0x000000008b100000, 0x000000008b100000, 0x000000008b200000|  0%| F|  |TAMS 0x000000008b100000, 0x000000008b100000| Untracked 
|  26|0x000000008b200000, 0x000000008b300000, 0x000000008b300000|100%| O|  |TAMS 0x000000008b300000, 0x000000008b200000| Untracked 
|  27|0x000000008b300000, 0x000000008b400000, 0x000000008b400000|100%| O|  |TAMS 0x000000008b400000, 0x000000008b300000| Untracked 
|  28|0x000000008b400000, 0x000000008b500000, 0x000000008b500000|100%| O|  |TAMS 0x000000008b500000, 0x000000008b400000| Untracked 
|  29|0x000000008b500000, 0x000000008b600000, 0x000000008b600000|100%| O|  |TAMS 0x000000008b600000, 0x000000008b500000| Untracked 
|  30|0x000000008b600000, 0x000000008b700000, 0x000000008b700000|100%| O|  |TAMS 0x000000008b63dc00, 0x000000008b600000| Untracked 
|  31|0x000000008b700000, 0x000000008b800000, 0x000000008b800000|100%| O|  |TAMS 0x000000008b700000, 0x000000008b700000| Untracked 
|  32|0x000000008b800000, 0x000000008b900000, 0x000000008b900000|100%| O|  |TAMS 0x000000008b800000, 0x000000008b800000| Untracked 
|  33|0x000000008b900000, 0x000000008ba00000, 0x000000008ba00000|100%| O|  |TAMS 0x000000008b900000, 0x000000008b900000| Untracked 
|  34|0x000000008ba00000, 0x000000008bb00000, 0x000000008bb00000|100%| O|  |TAMS 0x000000008ba00000, 0x000000008ba00000| Untracked 
|  35|0x000000008bb00000, 0x000000008bc00000, 0x000000008bc00000|100%| O|  |TAMS 0x000000008bb00000, 0x000000008bb00000| Untracked 
|  36|0x000000008bc00000, 0x000000008bd00000, 0x000000008bd00000|100%| O|  |TAMS 0x000000008bc00000, 0x000000008bc00000| Untracked 
|  37|0x000000008bd00000, 0x000000008be00000, 0x000000008be00000|100%| O|  |TAMS 0x000000008bd00000, 0x000000008bd00000| Untracked 
|  38|0x000000008be00000, 0x000000008bf00000, 0x000000008bf00000|100%| O|  |TAMS 0x000000008be00000, 0x000000008be00000| Untracked 
|  39|0x000000008bf00000, 0x000000008c000000, 0x000000008c000000|100%| O|  |TAMS 0x000000008bf00000, 0x000000008bf00000| Untracked 
|  40|0x000000008c000000, 0x000000008c04f800, 0x000000008c100000| 31%| O|  |TAMS 0x000000008c000000, 0x000000008c000000| Untracked 
|  41|0x000000008c100000, 0x000000008c100000, 0x000000008c200000|  0%| F|  |TAMS 0x000000008c100000, 0x000000008c100000| Untracked 
|  42|0x000000008c200000, 0x000000008c200000, 0x000000008c300000|  0%| F|  |TAMS 0x000000008c200000, 0x000000008c200000| Untracked 
|  43|0x000000008c300000, 0x000000008c300000, 0x000000008c400000|  0%| F|  |TAMS 0x000000008c300000, 0x000000008c300000| Untracked 
|  44|0x000000008c400000, 0x000000008c400000, 0x000000008c500000|  0%| F|  |TAMS 0x000000008c400000, 0x000000008c400000| Untracked 
|  45|0x000000008c500000, 0x000000008c500000, 0x000000008c600000|  0%| F|  |TAMS 0x000000008c500000, 0x000000008c500000| Untracked 
|  46|0x000000008c600000, 0x000000008c600000, 0x000000008c700000|  0%| F|  |TAMS 0x000000008c600000, 0x000000008c600000| Untracked 
|  47|0x000000008c700000, 0x000000008c700000, 0x000000008c800000|  0%| F|  |TAMS 0x000000008c700000, 0x000000008c700000| Untracked 
|  48|0x000000008c800000, 0x000000008c800000, 0x000000008c900000|  0%| F|  |TAMS 0x000000008c800000, 0x000000008c800000| Untracked 
|  49|0x000000008c900000, 0x000000008c900000, 0x000000008ca00000|  0%| F|  |TAMS 0x000000008c900000, 0x000000008c900000| Untracked 
|  50|0x000000008ca00000, 0x000000008ca00000, 0x000000008cb00000|  0%| F|  |TAMS 0x000000008ca00000, 0x000000008ca00000| Untracked 
|  51|0x000000008cb00000, 0x000000008cb00000, 0x000000008cc00000|  0%| F|  |TAMS 0x000000008cb00000, 0x000000008cb00000| Untracked 
|  52|0x000000008cc00000, 0x000000008cc00000, 0x000000008cd00000|  0%| F|  |TAMS 0x000000008cc00000, 0x000000008cc00000| Untracked 
|  53|0x000000008cd00000, 0x000000008cd00000, 0x000000008ce00000|  0%| F|  |TAMS 0x000000008cd00000, 0x000000008cd00000| Untracked 
|  54|0x000000008ce00000, 0x000000008ce00000, 0x000000008cf00000|  0%| F|  |TAMS 0x000000008ce00000, 0x000000008ce00000| Untracked 
|  55|0x000000008cf00000, 0x000000008cf00000, 0x000000008d000000|  0%| F|  |TAMS 0x000000008cf00000, 0x000000008cf00000| Untracked 
|  56|0x000000008d000000, 0x000000008d000000, 0x000000008d100000|  0%| F|  |TAMS 0x000000008d000000, 0x000000008d000000| Untracked 
|  57|0x000000008d100000, 0x000000008d100000, 0x000000008d200000|  0%| F|  |TAMS 0x000000008d100000, 0x000000008d100000| Untracked 
|  58|0x000000008d200000, 0x000000008d200000, 0x000000008d300000|  0%| F|  |TAMS 0x000000008d200000, 0x000000008d200000| Untracked 
|  59|0x000000008d300000, 0x000000008d300000, 0x000000008d400000|  0%| F|  |TAMS 0x000000008d300000, 0x000000008d300000| Untracked 
|  60|0x000000008d400000, 0x000000008d400000, 0x000000008d500000|  0%| F|  |TAMS 0x000000008d400000, 0x000000008d400000| Untracked 
|  61|0x000000008d500000, 0x000000008d500000, 0x000000008d600000|  0%| F|  |TAMS 0x000000008d500000, 0x000000008d500000| Untracked 
|  62|0x000000008d600000, 0x000000008d600000, 0x000000008d700000|  0%| F|  |TAMS 0x000000008d600000, 0x000000008d600000| Untracked 
|  63|0x000000008d700000, 0x000000008d700000, 0x000000008d800000|  0%| F|  |TAMS 0x000000008d700000, 0x000000008d700000| Untracked 
|  64|0x000000008d800000, 0x000000008d800000, 0x000000008d900000|  0%| F|  |TAMS 0x000000008d800000, 0x000000008d800000| Untracked 
|  65|0x000000008d900000, 0x000000008d900000, 0x000000008da00000|  0%| F|  |TAMS 0x000000008d900000, 0x000000008d900000| Untracked 
|  66|0x000000008da00000, 0x000000008da00000, 0x000000008db00000|  0%| F|  |TAMS 0x000000008da00000, 0x000000008da00000| Untracked 
|  67|0x000000008db00000, 0x000000008db00000, 0x000000008dc00000|  0%| F|  |TAMS 0x000000008db00000, 0x000000008db00000| Untracked 
|  68|0x000000008dc00000, 0x000000008dc00000, 0x000000008dd00000|  0%| F|  |TAMS 0x000000008dc00000, 0x000000008dc00000| Untracked 
|  69|0x000000008dd00000, 0x000000008dd00000, 0x000000008de00000|  0%| F|  |TAMS 0x000000008dd00000, 0x000000008dd00000| Untracked 
|  70|0x000000008de00000, 0x000000008de00000, 0x000000008df00000|  0%| F|  |TAMS 0x000000008de00000, 0x000000008de00000| Untracked 
|  71|0x000000008df00000, 0x000000008df00000, 0x000000008e000000|  0%| F|  |TAMS 0x000000008df00000, 0x000000008df00000| Untracked 
|  72|0x000000008e000000, 0x000000008e000000, 0x000000008e100000|  0%| F|  |TAMS 0x000000008e000000, 0x000000008e000000| Untracked 
|  73|0x000000008e100000, 0x000000008e100000, 0x000000008e200000|  0%| F|  |TAMS 0x000000008e100000, 0x000000008e100000| Untracked 
|  74|0x000000008e200000, 0x000000008e200000, 0x000000008e300000|  0%| F|  |TAMS 0x000000008e200000, 0x000000008e200000| Untracked 
|  75|0x000000008e300000, 0x000000008e300000, 0x000000008e400000|  0%| F|  |TAMS 0x000000008e300000, 0x000000008e300000| Untracked 
|  76|0x000000008e400000, 0x000000008e400000, 0x000000008e500000|  0%| F|  |TAMS 0x000000008e400000, 0x000000008e400000| Untracked 
|  77|0x000000008e500000, 0x000000008e500000, 0x000000008e600000|  0%| F|  |TAMS 0x000000008e500000, 0x000000008e500000| Untracked 
|  78|0x000000008e600000, 0x000000008e600000, 0x000000008e700000|  0%| F|  |TAMS 0x000000008e600000, 0x000000008e600000| Untracked 
|  79|0x000000008e700000, 0x000000008e700000, 0x000000008e800000|  0%| F|  |TAMS 0x000000008e700000, 0x000000008e700000| Untracked 
|  80|0x000000008e800000, 0x000000008e800000, 0x000000008e900000|  0%| F|  |TAMS 0x000000008e800000, 0x000000008e800000| Untracked 
|  81|0x000000008e900000, 0x000000008e900000, 0x000000008ea00000|  0%| F|  |TAMS 0x000000008e900000, 0x000000008e900000| Untracked 
|  82|0x000000008ea00000, 0x000000008ea00000, 0x000000008eb00000|  0%| F|  |TAMS 0x000000008ea00000, 0x000000008ea00000| Untracked 
|  83|0x000000008eb00000, 0x000000008eb00000, 0x000000008ec00000|  0%| F|  |TAMS 0x000000008eb00000, 0x000000008eb00000| Untracked 
|  84|0x000000008ec00000, 0x000000008ec96d60, 0x000000008ed00000| 58%| S|CS|TAMS 0x000000008ec00000, 0x000000008ec00000| Complete 
| 119|0x0000000090f00000, 0x0000000090f00000, 0x0000000091000000|  0%| F|  |TAMS 0x0000000090f00000, 0x0000000090f00000| Untracked 

Card table byte_map: [0x000001a8003c0000,0x000001a800780000] _byte_map_base: 0x000001a7fff74000

Marking Bits (Prev, Next): (CMBitMap*) 0x000001a86d4972a0, (CMBitMap*) 0x000001a86d497260
 Prev Bits: [0x000001a8028e0000, 0x000001a804680000)
 Next Bits: [0x000001a800b40000, 0x000001a8028e0000)

Polling page: 0x000001a86cbf0000

Metaspace:

Usage:
  Non-class:     44.23 MB used.
      Class:      5.97 MB used.
       Both:     50.20 MB used.

Virtual space:
  Non-class space:       64.00 MB reserved,      44.38 MB ( 69%) committed,  1 nodes.
      Class space:        1.00 GB reserved,       6.06 MB ( <1%) committed,  1 nodes.
             Both:        1.06 GB reserved,      50.44 MB (  5%) committed. 

Chunk freelists:
   Non-Class:  3.42 MB
       Class:  9.91 MB
        Both:  13.33 MB

MaxMetaspaceSize: unlimited
CompressedClassSpaceSize: 1.00 GB
Initial GC threshold: 21.00 MB
Current GC threshold: 83.88 MB
CDS: off
MetaspaceReclaimPolicy: balanced
 - commit_granule_bytes: 65536.
 - commit_granule_words: 8192.
 - virtual_space_node_default_size: 8388608.
 - enlarge_chunks_in_place: 1.
 - new_chunks_are_fully_committed: 0.
 - uncommit_free_chunks: 1.
 - use_allocation_guard: 0.
 - handle_deallocations: 1.


Internal statistics:

num_allocs_failed_limit: 6.
num_arena_births: 194.
num_arena_deaths: 0.
num_vsnodes_births: 2.
num_vsnodes_deaths: 0.
num_space_committed: 805.
num_space_uncommitted: 0.
num_chunks_returned_to_freelist: 6.
num_chunks_taken_from_freelist: 1689.
num_chunk_merges: 6.
num_chunk_splits: 1415.
num_chunks_enlarged: 1273.
num_inconsistent_stats: 0.

CodeHeap 'non-profiled nmethods': size=120000Kb used=1667Kb max_used=1667Kb free=118332Kb
 bounds [0x000001a8783e0000, 0x000001a878650000, 0x000001a87f910000]
CodeHeap 'profiled nmethods': size=120000Kb used=10243Kb max_used=10243Kb free=109756Kb
 bounds [0x000001a870910000, 0x000001a871320000, 0x000001a877e40000]
CodeHeap 'non-nmethods': size=5760Kb used=1274Kb max_used=1311Kb free=4486Kb
 bounds [0x000001a877e40000, 0x000001a8780b0000, 0x000001a8783e0000]
 total_blobs=5620 nmethods=5037 adapters=494
 compilation: enabled
              stopped_count=0, restarted_count=0
 full_count=0

Compilation events (20 events):
Event: 7.577 Thread 0x000001a80738dab0 nmethod 5111 0x000001a878580910 code [0x000001a878580aa0, 0x000001a878580b78]
Event: 7.577 Thread 0x000001a80738dab0 5113       2       org.jetbrains.kotlin.com.google.common.collect.ArrayListMultimap::get (6 bytes)
Event: 7.577 Thread 0x000001a80738dab0 nmethod 5113 0x000001a87130d410 code [0x000001a87130d5e0, 0x000001a87130d8e8]
Event: 7.577 Thread 0x000001a80738dab0 5112       1       org.jetbrains.kotlin.resolve.lazy.declarations.AbstractPsiBasedDeclarationProvider$Index::getFunctions (5 bytes)
Event: 7.577 Thread 0x000001a80738dab0 nmethod 5112 0x000001a878580c10 code [0x000001a878580da0, 0x000001a878580e78]
Event: 7.578 Thread 0x000001a80738dab0 5114       2       org.jetbrains.kotlin.resolve.lazy.ResolveSession::getSyntheticResolveExtension (14 bytes)
Event: 7.578 Thread 0x000001a80738dab0 nmethod 5114 0x000001a87130da90 code [0x000001a87130dc20, 0x000001a87130dd68]
Event: 7.578 Thread 0x000001a80738dab0 5115       2       org.jetbrains.kotlin.resolve.lazy.descriptors.LazyClassMemberScope::recordLookup (36 bytes)
Event: 7.579 Thread 0x000001a80738dab0 nmethod 5115 0x000001a87130de10 code [0x000001a87130e040, 0x000001a87130e578]
Event: 7.579 Thread 0x000001a80738dab0 5116       2       org.jetbrains.kotlin.resolve.VarianceCheckerCore::<init> (30 bytes)
Event: 7.579 Thread 0x000001a80738dab0 nmethod 5116 0x000001a87130e910 code [0x000001a87130eaa0, 0x000001a87130ebe8]
Event: 7.579 Thread 0x000001a80738dab0 5117       2       org.jetbrains.kotlin.resolve.VarianceCheckerCore::<init> (38 bytes)
Event: 7.580 Thread 0x000001a80738dab0 nmethod 5117 0x000001a87130ec90 code [0x000001a87130eec0, 0x000001a87130f498]
Event: 7.580 Thread 0x000001a80738dab0 5118       2       org.jetbrains.kotlin.resolve.OverrideResolver$Companion::createCannotInferVisibilityReporter (18 bytes)
Event: 7.580 Thread 0x000001a80738dab0 nmethod 5118 0x000001a87130f790 code [0x000001a87130f960, 0x000001a87130fcb8]
Event: 7.580 Thread 0x000001a80738dab0 5119       2       org.jetbrains.kotlin.resolve.OverrideResolver$Companion$createCannotInferVisibilityReporter$1::<init> (11 bytes)
Event: 7.581 Thread 0x000001a80738dab0 nmethod 5119 0x000001a87130ff10 code [0x000001a8713100a0, 0x000001a8713101f8]
Event: 7.583 Thread 0x000001a80738dab0 5120       2       org.jetbrains.kotlin.resolve.lazy.descriptors.LazyClassMemberScope::resolveUnknownVisibilitiesForMembers (110 bytes)
Event: 7.584 Thread 0x000001a80738dab0 nmethod 5120 0x000001a871310290 code [0x000001a871310520, 0x000001a871310bc8]
Event: 7.584 Thread 0x000001a80738dab0 5121       2       org.jetbrains.kotlin.resolve.lazy.descriptors.LazyClassDescriptor::getValueClassRepresentation (170 bytes)

GC Heap History (20 events):
Event: 3.438 GC heap after
{Heap after GC invocations=6 (full 0):
 garbage-first heap   total 40960K, used 17784K [0x0000000089800000, 0x0000000100000000)
  region size 1024K, 3 young (3072K), 3 survivors (3072K)
 Metaspace       used 30737K, committed 30976K, reserved 1114112K
  class space    used 3979K, committed 4096K, reserved 1048576K
}
Event: 3.850 GC heap before
{Heap before GC invocations=6 (full 0):
 garbage-first heap   total 40960K, used 31096K [0x0000000089800000, 0x0000000100000000)
  region size 1024K, 16 young (16384K), 3 survivors (3072K)
 Metaspace       used 34120K, committed 34368K, reserved 1114112K
  class space    used 4360K, committed 4480K, reserved 1048576K
}
Event: 3.859 GC heap after
{Heap after GC invocations=7 (full 0):
 garbage-first heap   total 57344K, used 17183K [0x0000000089800000, 0x0000000100000000)
  region size 1024K, 2 young (2048K), 2 survivors (2048K)
 Metaspace       used 34120K, committed 34368K, reserved 1114112K
  class space    used 4360K, committed 4480K, reserved 1048576K
}
Event: 4.095 GC heap before
{Heap before GC invocations=7 (full 0):
 garbage-first heap   total 57344K, used 25375K [0x0000000089800000, 0x0000000100000000)
  region size 1024K, 11 young (11264K), 2 survivors (2048K)
 Metaspace       used 35735K, committed 35968K, reserved 1114112K
  class space    used 4540K, committed 4672K, reserved 1048576K
}
Event: 4.100 GC heap after
{Heap after GC invocations=8 (full 0):
 garbage-first heap   total 57344K, used 18160K [0x0000000089800000, 0x0000000100000000)
  region size 1024K, 3 young (3072K), 3 survivors (3072K)
 Metaspace       used 35735K, committed 35968K, reserved 1114112K
  class space    used 4540K, committed 4672K, reserved 1048576K
}
Event: 4.572 GC heap before
{Heap before GC invocations=9 (full 0):
 garbage-first heap   total 57344K, used 39664K [0x0000000089800000, 0x0000000100000000)
  region size 1024K, 25 young (25600K), 3 survivors (3072K)
 Metaspace       used 40070K, committed 40320K, reserved 1114112K
  class space    used 4926K, committed 5056K, reserved 1048576K
}
Event: 4.581 GC heap after
{Heap after GC invocations=10 (full 0):
 garbage-first heap   total 57344K, used 20990K [0x0000000089800000, 0x0000000100000000)
  region size 1024K, 4 young (4096K), 4 survivors (4096K)
 Metaspace       used 40070K, committed 40320K, reserved 1114112K
  class space    used 4926K, committed 5056K, reserved 1048576K
}
Event: 5.251 GC heap before
{Heap before GC invocations=10 (full 0):
 garbage-first heap   total 57344K, used 43518K [0x0000000089800000, 0x0000000100000000)
  region size 1024K, 25 young (25600K), 4 survivors (4096K)
 Metaspace       used 45944K, committed 46208K, reserved 1114112K
  class space    used 5634K, committed 5760K, reserved 1048576K
}
Event: 5.258 GC heap after
{Heap after GC invocations=11 (full 0):
 garbage-first heap   total 57344K, used 24272K [0x0000000089800000, 0x0000000100000000)
  region size 1024K, 2 young (2048K), 2 survivors (2048K)
 Metaspace       used 45944K, committed 46208K, reserved 1114112K
  class space    used 5634K, committed 5760K, reserved 1048576K
}
Event: 5.546 GC heap before
{Heap before GC invocations=11 (full 0):
 garbage-first heap   total 57344K, used 43728K [0x0000000089800000, 0x0000000100000000)
  region size 1024K, 21 young (21504K), 2 survivors (2048K)
 Metaspace       used 46984K, committed 47168K, reserved 1114112K
  class space    used 5734K, committed 5824K, reserved 1048576K
}
Event: 5.559 GC heap after
{Heap after GC invocations=12 (full 0):
 garbage-first heap   total 69632K, used 28645K [0x0000000089800000, 0x0000000100000000)
  region size 1024K, 3 young (3072K), 3 survivors (3072K)
 Metaspace       used 46984K, committed 47168K, reserved 1114112K
  class space    used 5734K, committed 5824K, reserved 1048576K
}
Event: 5.735 GC heap before
{Heap before GC invocations=12 (full 0):
 garbage-first heap   total 69632K, used 51173K [0x0000000089800000, 0x0000000100000000)
  region size 1024K, 25 young (25600K), 3 survivors (3072K)
 Metaspace       used 47346K, committed 47616K, reserved 1114112K
  class space    used 5768K, committed 5888K, reserved 1048576K
}
Event: 5.742 GC heap after
{Heap after GC invocations=13 (full 0):
 garbage-first heap   total 69632K, used 29533K [0x0000000089800000, 0x0000000100000000)
  region size 1024K, 2 young (2048K), 2 survivors (2048K)
 Metaspace       used 47346K, committed 47616K, reserved 1114112K
  class space    used 5768K, committed 5888K, reserved 1048576K
}
Event: 6.428 GC heap before
{Heap before GC invocations=13 (full 0):
 garbage-first heap   total 69632K, used 52061K [0x0000000089800000, 0x0000000100000000)
  region size 1024K, 24 young (24576K), 2 survivors (2048K)
 Metaspace       used 50248K, committed 50496K, reserved 1114112K
  class space    used 6068K, committed 6144K, reserved 1048576K
}
Event: 6.443 GC heap after
{Heap after GC invocations=14 (full 0):
 garbage-first heap   total 69632K, used 34039K [0x0000000089800000, 0x0000000100000000)
  region size 1024K, 3 young (3072K), 3 survivors (3072K)
 Metaspace       used 50248K, committed 50496K, reserved 1114112K
  class space    used 6068K, committed 6144K, reserved 1048576K
}
Event: 7.114 GC heap before
{Heap before GC invocations=14 (full 0):
 garbage-first heap   total 69632K, used 52471K [0x0000000089800000, 0x0000000100000000)
  region size 1024K, 21 young (21504K), 3 survivors (3072K)
 Metaspace       used 51290K, committed 51520K, reserved 1114112K
  class space    used 6104K, committed 6208K, reserved 1048576K
}
Event: 7.133 GC heap after
{Heap after GC invocations=15 (full 0):
 garbage-first heap   total 69632K, used 37353K [0x0000000089800000, 0x0000000100000000)
  region size 1024K, 3 young (3072K), 3 survivors (3072K)
 Metaspace       used 51290K, committed 51520K, reserved 1114112K
  class space    used 6104K, committed 6208K, reserved 1048576K
}
Event: 7.542 GC heap before
{Heap before GC invocations=16 (full 0):
 garbage-first heap   total 69632K, used 53737K [0x0000000089800000, 0x0000000100000000)
  region size 1024K, 19 young (19456K), 3 survivors (3072K)
 Metaspace       used 51371K, committed 51584K, reserved 1114112K
  class space    used 6110K, committed 6208K, reserved 1048576K
}
Event: 7.560 GC heap after
{Heap after GC invocations=17 (full 0):
 garbage-first heap   total 69632K, used 40821K [0x0000000089800000, 0x0000000100000000)
  region size 1024K, 3 young (3072K), 3 survivors (3072K)
 Metaspace       used 51371K, committed 51584K, reserved 1114112K
  class space    used 6110K, committed 6208K, reserved 1048576K
}
Event: 7.586 GC heap before
{Heap before GC invocations=17 (full 0):
 garbage-first heap   total 69632K, used 41845K [0x0000000089800000, 0x0000000100000000)
  region size 1024K, 4 young (4096K), 3 survivors (3072K)
 Metaspace       used 51406K, committed 51648K, reserved 1114112K
  class space    used 6110K, committed 6208K, reserved 1048576K
}

Dll operation events (2 events):
Event: 0.022 Loaded shared library D:\tugas-college\bangkit\and\jbr\bin\java.dll
Event: 2.353 Loaded shared library D:\tugas-college\bangkit\and\jbr\bin\verify.dll

Deoptimization events (20 events):
Event: 7.031 Thread 0x000001a86d43c280 DEOPT PACKING pc=0x000001a87108fff9 sp=0x00000057ec1fa870
Event: 7.031 Thread 0x000001a86d43c280 DEOPT UNPACKING pc=0x000001a877e97143 sp=0x00000057ec1f9d60 mode 0
Event: 7.035 Thread 0x000001a86d43c280 DEOPT PACKING pc=0x000001a8710956ca sp=0x00000057ec1fbad0
Event: 7.035 Thread 0x000001a86d43c280 DEOPT UNPACKING pc=0x000001a877e97143 sp=0x00000057ec1faf78 mode 0
Event: 7.133 Thread 0x000001a86d43c280 DEOPT PACKING pc=0x000001a870eae0e5 sp=0x00000057ec1faad0
Event: 7.133 Thread 0x000001a86d43c280 DEOPT UNPACKING pc=0x000001a877e97143 sp=0x00000057ec1f9f20 mode 0
Event: 7.293 Thread 0x000001a86d43c280 Uncommon trap: trap_request=0xffffff45 fr.pc=0x000001a878435f94 relative=0x00000000000001f4
Event: 7.293 Thread 0x000001a86d43c280 Uncommon trap: reason=unstable_if action=reinterpret pc=0x000001a878435f94 method=java.util.HashMap.getNode(Ljava/lang/Object;)Ljava/util/HashMap$Node; @ 66 c2
Event: 7.293 Thread 0x000001a86d43c280 DEOPT PACKING pc=0x000001a878435f94 sp=0x00000057ec1fb610
Event: 7.293 Thread 0x000001a86d43c280 DEOPT UNPACKING pc=0x000001a877e969a3 sp=0x00000057ec1fb580 mode 2
Event: 7.312 Thread 0x000001a86d43c280 Uncommon trap: trap_request=0xffffffde fr.pc=0x000001a87849ff64 relative=0x0000000000000064
Event: 7.312 Thread 0x000001a86d43c280 Uncommon trap: reason=class_check action=maybe_recompile pc=0x000001a87849ff64 method=java.util.Collections$UnmodifiableCollection.size()I @ 4 c2
Event: 7.312 Thread 0x000001a86d43c280 DEOPT PACKING pc=0x000001a87849ff64 sp=0x00000057ec1fa7a0
Event: 7.312 Thread 0x000001a86d43c280 DEOPT UNPACKING pc=0x000001a877e969a3 sp=0x00000057ec1fa728 mode 2
Event: 7.312 Thread 0x000001a86d43c280 Uncommon trap: trap_request=0xffffffde fr.pc=0x000001a87849ff64 relative=0x0000000000000064
Event: 7.312 Thread 0x000001a86d43c280 Uncommon trap: reason=class_check action=maybe_recompile pc=0x000001a87849ff64 method=java.util.Collections$UnmodifiableCollection.size()I @ 4 c2
Event: 7.312 Thread 0x000001a86d43c280 DEOPT PACKING pc=0x000001a87849ff64 sp=0x00000057ec1faae0
Event: 7.312 Thread 0x000001a86d43c280 DEOPT UNPACKING pc=0x000001a877e969a3 sp=0x00000057ec1faa68 mode 2
Event: 7.485 Thread 0x000001a86d43c280 DEOPT PACKING pc=0x000001a870eae0e5 sp=0x00000057ec1fc140
Event: 7.485 Thread 0x000001a86d43c280 DEOPT UNPACKING pc=0x000001a877e97143 sp=0x00000057ec1fb590 mode 0

Classes unloaded (0 events):
No events

Classes redefined (0 events):
No events

Internal exceptions (20 events):
Event: 1.968 Thread 0x000001a86d43c280 Exception <a 'java/lang/NoSuchMethodError'{0x000000008b9d9e18}: 'int java.lang.invoke.DelegatingMethodHandle$Holder.reinvoke_L(java.lang.Object, java.lang.Object, java.lang.Object, long, int)'> (0x000000008b9d9e18) 
thrown [s\src\hotspot\share\interpreter\linkResolver.cpp, line 771]
Event: 1.996 Thread 0x000001a86d43c280 Exception <a 'java/lang/NoSuchMethodError'{0x000000008b87e568}: 'int java.lang.invoke.DirectMethodHandle$Holder.invokeStaticInit(java.lang.Object, java.lang.Object, java.lang.Object)'> (0x000000008b87e568) 
thrown [s\src\hotspot\share\interpreter\linkResolver.cpp, line 771]
Event: 2.004 Thread 0x000001a86d43c280 Exception <a 'java/lang/NoSuchMethodError'{0x000000008b8aa7a0}: 'int java.lang.invoke.DirectMethodHandle$Holder.invokeStaticInit(java.lang.Object, java.lang.Object)'> (0x000000008b8aa7a0) 
thrown [s\src\hotspot\share\interpreter\linkResolver.cpp, line 771]
Event: 2.043 Thread 0x000001a86d43c280 Exception <a 'java/lang/NoSuchMethodError'{0x000000008b78a418}: 'void java.lang.invoke.DirectMethodHandle$Holder.invokeSpecial(java.lang.Object, java.lang.Object, java.lang.Object)'> (0x000000008b78a418) 
thrown [s\src\hotspot\share\interpreter\linkResolver.cpp, line 771]
Event: 2.166 Thread 0x000001a86d43c280 Exception <a 'java/lang/NoSuchMethodError'{0x000000008b4b5800}: 'void java.lang.invoke.DirectMethodHandle$Holder.invokeStatic(java.lang.Object, java.lang.Object, java.lang.Object, java.lang.Object)'> (0x000000008b4b5800) 
thrown [s\src\hotspot\share\interpreter\linkResolver.cpp, line 771]
Event: 2.297 Thread 0x000001a86d43c280 Exception <a 'java/lang/NoSuchMethodError'{0x000000008b077138}: 'void java.lang.invoke.DirectMethodHandle$Holder.invokeStaticInit(java.lang.Object, java.lang.Object)'> (0x000000008b077138) 
thrown [s\src\hotspot\share\interpreter\linkResolver.cpp, line 771]
Event: 2.460 Thread 0x000001a86d43c280 Exception <a 'java/lang/NoSuchMethodError'{0x000000008ab63230}: 'void java.lang.invoke.DirectMethodHandle$Holder.invokeVirtual(java.lang.Object, java.lang.Object)'> (0x000000008ab63230) 
thrown [s\src\hotspot\share\interpreter\linkResolver.cpp, line 771]
Event: 2.473 Thread 0x000001a86d43c280 Exception <a 'java/lang/NoSuchMethodError'{0x000000008abaf170}: 'int java.lang.invoke.DirectMethodHandle$Holder.invokeVirtual(java.lang.Object, java.lang.Object)'> (0x000000008abaf170) 
thrown [s\src\hotspot\share\interpreter\linkResolver.cpp, line 771]
Event: 2.507 Thread 0x000001a86d43c280 Exception <a 'java/lang/NoSuchMethodError'{0x000000008aa47238}: 'java.lang.Object java.lang.invoke.Invokers$Holder.invokeExact_MT(java.lang.Object, java.lang.Object, java.lang.Object, java.lang.Object, java.lang.Object, java.lang.Object)'> (0x000000008aa47238) 
thrown [s\src\hotspot\share\interpreter\linkResolver.cpp, line 771]
Event: 3.500 Thread 0x000001a86d43c280 Implicit null exception at 0x000001a8783f93f2 to 0x000001a8783f99bc
Event: 3.685 Thread 0x000001a86d43c280 Implicit null exception at 0x000001a8783fa972 to 0x000001a8783faf4c
Event: 3.787 Thread 0x000001a86d43c280 Exception <a 'java/lang/NoSuchMethodError'{0x000000008b495d70}: 'java.lang.Object java.lang.invoke.DirectMethodHandle$Holder.invokeVirtual(java.lang.Object, java.lang.Object, java.lang.Object)'> (0x000000008b495d70) 
thrown [s\src\hotspot\share\interpreter\linkResolver.cpp, line 771]
Event: 4.828 Thread 0x000001a86d43c280 Exception <a 'java/lang/NoSuchMethodError'{0x000000008c796778}: 'java.lang.Object java.lang.invoke.DirectMethodHandle$Holder.newInvokeSpecial(java.lang.Object, java.lang.Object, int)'> (0x000000008c796778) 
thrown [s\src\hotspot\share\interpreter\linkResolver.cpp, line 771]
Event: 4.960 Thread 0x000001a86d43c280 Exception <a 'java/lang/NoSuchMethodError'{0x000000008c4a60d8}: 'java.lang.Object java.lang.invoke.DirectMethodHandle$Holder.newInvokeSpecial(java.lang.Object, java.lang.Object, java.lang.Object, int)'> (0x000000008c4a60d8) 
thrown [s\src\hotspot\share\interpreter\linkResolver.cpp, line 771]
Event: 4.960 Thread 0x000001a86d43c280 Exception <a 'java/lang/NoSuchMethodError'{0x000000008c4aa760}: 'java.lang.Object java.lang.invoke.DirectMethodHandle$Holder.invokeSpecial(java.lang.Object, java.lang.Object, java.lang.Object, java.lang.Object, int)'> (0x000000008c4aa760) 
thrown [s\src\hotspot\share\interpreter\linkResolver.cpp, line 771]
Event: 4.960 Thread 0x000001a86d43c280 Exception <a 'java/lang/NoSuchMethodError'{0x000000008c4ae5d0}: 'java.lang.Object java.lang.invoke.Invokers$Holder.linkToTargetMethod(java.lang.Object, java.lang.Object, int, java.lang.Object)'> (0x000000008c4ae5d0) 
thrown [s\src\hotspot\share\interpreter\linkResolver.cpp, line 771]
Event: 6.173 Thread 0x000001a86d43c280 Exception <a 'java/lang/NoSuchMethodError'{0x000000008cba4258}: 'java.lang.Object java.lang.invoke.DirectMethodHandle$Holder.newInvokeSpecial(java.lang.Object, int, java.lang.Object)'> (0x000000008cba4258) 
thrown [s\src\hotspot\share\interpreter\linkResolver.cpp, line 771]
Event: 6.174 Thread 0x000001a86d43c280 Exception <a 'java/lang/NoSuchMethodError'{0x000000008cbaa5c0}: 'int java.lang.invoke.DirectMethodHandle$Holder.invokeInterface(java.lang.Object, java.lang.Object)'> (0x000000008cbaa5c0) 
thrown [s\src\hotspot\share\interpreter\linkResolver.cpp, line 771]
Event: 6.223 Thread 0x000001a86d43c280 Exception <a 'java/lang/NoSuchMethodError'{0x000000008ca89010}: 'java.lang.Object java.lang.invoke.DirectMethodHandle$Holder.newInvokeSpecial(java.lang.Object, java.lang.Object, java.lang.Object, java.lang.Object, java.lang.Object, java.lang.Object)'> (0x000000008ca89010) 
thrown [s\src\hotspot\share\interpreter\linkResolver.cpp, line 771]
Event: 6.461 Thread 0x000001a86d43c280 Exception <a 'java/lang/NoSuchMethodError'{0x0000000090f40048}: 'java.lang.Object java.lang.invoke.DirectMethodHandle$Holder.invokeStaticInit(java.lang.Object, java.lang.Object, java.lang.Object)'> (0x0000000090f40048) 
thrown [s\src\hotspot\share\interpreter\linkResolver.cpp, line 771]

VM Operations (20 events):
Event: 6.695 Executing VM operation: ICBufferFull done
Event: 6.864 Executing VM operation: ICBufferFull
Event: 6.864 Executing VM operation: ICBufferFull done
Event: 7.013 Executing VM operation: HandshakeAllThreads
Event: 7.013 Executing VM operation: HandshakeAllThreads done
Event: 7.015 Executing VM operation: HandshakeAllThreads
Event: 7.015 Executing VM operation: HandshakeAllThreads done
Event: 7.057 Executing VM operation: ICBufferFull
Event: 7.057 Executing VM operation: ICBufferFull done
Event: 7.114 Executing VM operation: G1CollectForAllocation
Event: 7.133 Executing VM operation: G1CollectForAllocation done
Event: 7.155 Executing VM operation: G1PauseRemark
Event: 7.163 Executing VM operation: G1PauseRemark done
Event: 7.174 Executing VM operation: G1PauseCleanup
Event: 7.174 Executing VM operation: G1PauseCleanup done
Event: 7.522 Executing VM operation: ICBufferFull
Event: 7.522 Executing VM operation: ICBufferFull done
Event: 7.542 Executing VM operation: G1CollectForAllocation
Event: 7.560 Executing VM operation: G1CollectForAllocation done
Event: 7.586 Executing VM operation: G1CollectForAllocation

Events (20 events):
Event: 5.784 loading class java/util/stream/IntPipeline$Head
Event: 5.787 loading class java/util/stream/IntPipeline
Event: 5.788 loading class java/util/stream/IntPipeline done
Event: 5.788 loading class java/util/stream/IntPipeline$Head done
Event: 5.788 loading class java/util/stream/IntPipeline$1
Event: 5.789 loading class java/util/stream/IntPipeline$1 done
Event: 5.789 loading class java/util/stream/ReferencePipeline$2
Event: 5.789 loading class java/util/stream/ReferencePipeline$2 done
Event: 5.791 loading class java/util/stream/ReferencePipeline$2$1
Event: 5.791 loading class java/util/stream/ReferencePipeline$2$1 done
Event: 5.791 loading class java/util/stream/IntPipeline$1$1
Event: 5.791 loading class java/util/stream/Sink$ChainedInt
Event: 5.791 loading class java/util/stream/Sink$OfInt
Event: 5.791 loading class java/util/function/IntConsumer
Event: 5.791 loading class java/util/function/IntConsumer done
Event: 5.791 loading class java/util/stream/Sink$OfInt done
Event: 5.791 loading class java/util/stream/Sink$ChainedInt done
Event: 5.791 loading class java/util/stream/IntPipeline$1$1 done
Event: 6.224 loading class java/util/RegularEnumSet$EnumSetIterator
Event: 6.224 loading class java/util/RegularEnumSet$EnumSetIterator done


Dynamic libraries:
0x00007ff692630000 - 0x00007ff69263a000 	D:\tugas-college\bangkit\and\jbr\bin\java.exe
0x00007ff858730000 - 0x00007ff858947000 	C:\WINDOWS\SYSTEM32\ntdll.dll
0x00007ff8571e0000 - 0x00007ff8572a4000 	C:\WINDOWS\System32\KERNEL32.DLL
0x00007ff855a50000 - 0x00007ff855dfd000 	C:\WINDOWS\System32\KERNELBASE.dll
0x00007ff855ff0000 - 0x00007ff856101000 	C:\WINDOWS\System32\ucrtbase.dll
0x00007ff805a00000 - 0x00007ff805a1b000 	D:\tugas-college\bangkit\and\jbr\bin\VCRUNTIME140.dll
0x00007ff828160000 - 0x00007ff828177000 	D:\tugas-college\bangkit\and\jbr\bin\jli.dll
0x00007ff8564e0000 - 0x00007ff85668e000 	C:\WINDOWS\System32\USER32.dll
0x00007ff855e70000 - 0x00007ff855e96000 	C:\WINDOWS\System32\win32u.dll
0x00007ff857100000 - 0x00007ff857129000 	C:\WINDOWS\System32\GDI32.dll
0x00007ff854d90000 - 0x00007ff855023000 	C:\WINDOWS\WinSxS\amd64_microsoft.windows.common-controls_6595b64144ccf1df_6.0.22621.3672_none_2713b9d173822955\COMCTL32.dll
0x00007ff8561d0000 - 0x00007ff8562e9000 	C:\WINDOWS\System32\gdi32full.dll
0x00007ff855ea0000 - 0x00007ff855f3a000 	C:\WINDOWS\System32\msvcp_win.dll
0x00007ff856a20000 - 0x00007ff856ac7000 	C:\WINDOWS\System32\msvcrt.dll
0x00007ff8579a0000 - 0x00007ff8579d1000 	C:\WINDOWS\System32\IMM32.DLL
0x00007ff807090000 - 0x00007ff80709c000 	D:\tugas-college\bangkit\and\jbr\bin\vcruntime140_1.dll
0x00007fffe7640000 - 0x00007fffe76cd000 	D:\tugas-college\bangkit\and\jbr\bin\msvcp140.dll
0x00007ffffe590000 - 0x00007fffff213000 	D:\tugas-college\bangkit\and\jbr\bin\server\jvm.dll
0x00007ff856720000 - 0x00007ff8567d2000 	C:\WINDOWS\System32\ADVAPI32.dll
0x00007ff857130000 - 0x00007ff8571d9000 	C:\WINDOWS\System32\sechost.dll
0x00007ff855f40000 - 0x00007ff855f68000 	C:\WINDOWS\System32\bcrypt.dll
0x00007ff8568d0000 - 0x00007ff8569e4000 	C:\WINDOWS\System32\RPCRT4.dll
0x00007ff8555a0000 - 0x00007ff8555ed000 	C:\WINDOWS\SYSTEM32\POWRPROF.dll
0x00007ff84ddc0000 - 0x00007ff84ddc9000 	C:\WINDOWS\SYSTEM32\WSOCK32.dll
0x00007ff856460000 - 0x00007ff8564d1000 	C:\WINDOWS\System32\WS2_32.dll
0x00007ff84e670000 - 0x00007ff84e6a4000 	C:\WINDOWS\SYSTEM32\WINMM.dll
0x00007ff854ac0000 - 0x00007ff854aca000 	C:\WINDOWS\SYSTEM32\VERSION.dll
0x00007ff855210000 - 0x00007ff855223000 	C:\WINDOWS\SYSTEM32\UMPDC.dll
0x00007ff853bb0000 - 0x00007ff853bc8000 	C:\WINDOWS\SYSTEM32\kernel.appcore.dll
0x00007ff84c720000 - 0x00007ff84c72a000 	D:\tugas-college\bangkit\and\jbr\bin\jimage.dll
0x00007ff855360000 - 0x00007ff855592000 	C:\WINDOWS\SYSTEM32\DBGHELP.DLL
0x00007ff857a00000 - 0x00007ff857d8e000 	C:\WINDOWS\System32\combase.dll
0x00007ff8567e0000 - 0x00007ff8568b7000 	C:\WINDOWS\System32\OLEAUT32.dll
0x00007ff855250000 - 0x00007ff855282000 	C:\WINDOWS\SYSTEM32\dbgcore.DLL
0x00007ff855f70000 - 0x00007ff855feb000 	C:\WINDOWS\System32\bcryptPrimitives.dll
0x00007ff8434c0000 - 0x00007ff8434e5000 	D:\tugas-college\bangkit\and\jbr\bin\java.dll
0x00007ff840b60000 - 0x00007ff840b78000 	D:\tugas-college\bangkit\and\jbr\bin\zip.dll
0x00007ff857df0000 - 0x00007ff858657000 	C:\WINDOWS\System32\SHELL32.dll
0x00007ff852a60000 - 0x00007ff85335f000 	C:\WINDOWS\SYSTEM32\windows.storage.dll
0x00007ff852920000 - 0x00007ff852a5f000 	C:\WINDOWS\SYSTEM32\wintypes.dll
0x00007ff857690000 - 0x00007ff857789000 	C:\WINDOWS\System32\SHCORE.dll
0x00007ff8572c0000 - 0x00007ff85731e000 	C:\WINDOWS\System32\shlwapi.dll
0x00007ff855980000 - 0x00007ff8559a7000 	C:\WINDOWS\SYSTEM32\profapi.dll
0x00007ff840b40000 - 0x00007ff840b59000 	D:\tugas-college\bangkit\and\jbr\bin\net.dll
0x00007ff8502b0000 - 0x00007ff8503e6000 	C:\WINDOWS\SYSTEM32\WINHTTP.dll
0x00007ff853f80000 - 0x00007ff853fe9000 	C:\WINDOWS\system32\mswsock.dll
0x00007ff840b20000 - 0x00007ff840b36000 	D:\tugas-college\bangkit\and\jbr\bin\nio.dll
0x00007ff8396e0000 - 0x00007ff8396f0000 	D:\tugas-college\bangkit\and\jbr\bin\verify.dll

dbghelp: loaded successfully - version: 4.0.5 - missing functions: none
symbol engine: initialized successfully - sym options: 0x614 - pdb path: .;D:\tugas-college\bangkit\and\jbr\bin;C:\WINDOWS\SYSTEM32;C:\WINDOWS\WinSxS\amd64_microsoft.windows.common-controls_6595b64144ccf1df_6.0.22621.3672_none_2713b9d173822955;D:\tugas-college\bangkit\and\jbr\bin\server

VM Arguments:
java_command: org.jetbrains.kotlin.cli.jvm.K2JVMCompiler @D:\MyFinalSubmission\app\build\20241003_1434851010017640906.compiler.options
java_class_path (initial): C:\Users\ASUS VIVOBOOK\.gradle\caches\modules-2\files-2.1\org.jetbrains.kotlin\kotlin-compiler-embeddable\1.9.0\2c8c3a7402becca891f12739b3e9fd2dc2adbd7a\kotlin-compiler-embeddable-1.9.0.jar;C:\Users\ASUS VIVOBOOK\.gradle\caches\modules-2\files-2.1\org.jetbrains.kotlin\kotlin-stdlib\1.9.0\8ee15ef0c67dc83d874f412d84378d7f0eb50b63\kotlin-stdlib-1.9.0.jar;C:\Users\ASUS VIVOBOOK\.gradle\caches\modules-2\files-2.1\org.jetbrains.kotlin\kotlin-script-runtime\1.9.0\4b3102cbbb7e1b58d9d1adf89563f00069ffa7d1\kotlin-script-runtime-1.9.0.jar;C:\Users\ASUS VIVOBOOK\.gradle\caches\modules-2\files-2.1\org.jetbrains.kotlin\kotlin-reflect\1.6.10\1cbe9c92c12a94eea200d23c2bbaedaf3daf5132\kotlin-reflect-1.6.10.jar;C:\Users\ASUS VIVOBOOK\.gradle\caches\modules-2\files-2.1\org.jetbrains.kotlin\kotlin-daemon-embeddable\1.9.0\186543f5e28cf8d9a0290fecc2cf34301c40a65c\kotlin-daemon-embeddable-1.9.0.jar;C:\Users\ASUS VIVOBOOK\.gradle\caches\modules-2\files-2.1\org.jetbrains.intellij.deps\trove4j\1.0.20200330\3afb14d5f9ceb459d724e907a21145e8ff394f02\trove4j-1.0.20200330.jar;C:\Users\ASUS VIVOBOOK\.gradle\caches\modules-2\files-2.1\org.jetbrains.kotlin\kotlin-stdlib-common\1.9.0\cd65c21cfd1eec4d44ef09f9f52b6d9f8a720636\kotlin-stdlib-common-1.9.0.jar;C:\Users\ASUS VIVOBOOK\.gradle\caches\modules-2\files-2.1\org.jetbrains\annotations\13.0\919f0dfe192fb4e063e7dacadee7f8bb9a2672a9\annotations-13.0.jar
Launcher Type: SUN_STANDARD

[Global flags]
     intx CICompilerCount                          = 4                                         {product} {ergonomic}
     uint ConcGCThreads                            = 3                                         {product} {ergonomic}
     uint G1ConcRefinementThreads                  = 10                                        {product} {ergonomic}
   size_t G1HeapRegionSize                         = 1048576                                   {product} {ergonomic}
    uintx GCDrainStackTargetSize                   = 64                                        {product} {ergonomic}
   size_t InitialHeapSize                          = 125829120                                 {product} {ergonomic}
   size_t MarkStackSize                            = 4194304                                   {product} {ergonomic}
   size_t MaxHeapSize                              = 1988100096                                {product} {ergonomic}
   size_t MaxNewSize                               = 1192230912                                {product} {ergonomic}
   size_t MinHeapDeltaBytes                        = 1048576                                   {product} {ergonomic}
   size_t MinHeapSize                              = 8388608                                   {product} {ergonomic}
    uintx NonNMethodCodeHeapSize                   = 5839372                                {pd product} {ergonomic}
    uintx NonProfiledCodeHeapSize                  = 122909434                              {pd product} {ergonomic}
    uintx ProfiledCodeHeapSize                     = 122909434                              {pd product} {ergonomic}
    uintx ReservedCodeCacheSize                    = 251658240                              {pd product} {ergonomic}
     bool SegmentedCodeCache                       = true                                      {product} {ergonomic}
   size_t SoftMaxHeapSize                          = 1988100096                             {manageable} {ergonomic}
     bool UseCompressedClassPointers               = true                           {product lp64_product} {ergonomic}
     bool UseCompressedOops                        = true                           {product lp64_product} {ergonomic}
     bool UseG1GC                                  = true                                      {product} {ergonomic}
     bool UseLargePagesIndividualAllocation        = false                                  {pd product} {ergonomic}

Logging:
Log output configuration:
 #0: stdout all=warning uptime,level,tags
 #1: stderr all=off uptime,level,tags

Environment Variables:
JAVA_HOME=C:\Program Files\Zulu\zulu-17
PATH=C:\Program Files\Zulu\zulu-17\bin\;C:\Program Files\Zulu\zulu-21\bin\;C:\Program Files\Common Files\Oracle\Java\javapath;C:\Program Files (x86)\Common Files\Oracle\Java\java8path;C:\Program Files (x86)\Common Files\Oracle\Java\javapath;C:\WINDOWS\system32;C:\WINDOWS;C:\WINDOWS\System32\Wbem;C:\WINDOWS\System32\WindowsPowerShell\v1.0\;C:\WINDOWS\System32\OpenSSH\;C:\xampp\php;C:\ProgramData\ComposerSetup\bin;C:\Program Files\nodejs\;C:\Program Files\Git\cmd;C:\Program Files\Microsoft\Web Platform Installer\;C:\Program Files (x86)\Microsoft ASP.NET\ASP.NET Web Pages\v1.0\;C:\Program Files\Microsoft SQL Server\110\Tools\Binn\;C:\Program Files (x86)\Windows Kits\8.0\Windows Performance Toolkit\;C:\Program Files\Cloudflare\Cloudflare WARP\;C:\Program Files\dotnet\;C:\Program Files (x86)\NVIDIA Corporation\PhysX\Common;C:\Program Files (x86)\Gpg4win\..\GnuPG\bin;E:\gradle-8.10.1-all\gradle-8.10.1\bin;C:\Users\ASUS VIVOBOOK\AppData\Local\Programs\Python\Python312\Scripts\;C:\Users\ASUS VIVOBOOK\AppData\Local\Programs\Python\Python312\;C:\Users\ASUS VIVOBOOK\AppData\Local\Microsoft\WindowsApps;C:\Users\ASUS VIVOBOOK\AppData\Local\Programs\Microsoft VS Code\bin;C:\Users\ASUS VIVOBOOK\AppData\Roaming\Composer\vendor\bin;C:\Users\ASUS VIVOBOOK\AppData\Roaming\npm;C:\Users\ASUS VIVOBOOK\.dotnet\tools;E:\gradle-8.10.1-all\gradle-8.10.1;
USERNAME=ASUS VIVOBOOK
OS=Windows_NT
PROCESSOR_IDENTIFIER=AMD64 Family 25 Model 80 Stepping 0, AuthenticAMD
TMP=C:\Users\ASUSVI~1\AppData\Local\Temp
TEMP=C:\Users\ASUSVI~1\AppData\Local\Temp



Periodic native trim disabled

JNI global refs:
JNI global refs: 10, weak refs: 34

JNI global refs memory usage: 843, weak refs: 841

Process memory usage:
Resident Set Size: 211544K (2% of 7765832K total physical memory with 103720K free physical memory)

OOME stack traces (most recent first):
Classloader memory used:
Loader jdk.internal.loader.ClassLoaders$AppClassLoader                                 : 5111K
Loader bootstrap                                                                       : 1293K
Loader java.net.URLClassLoader                                                         : 11994B
Loader jdk.internal.reflect.DelegatingClassLoader                                      : 8595B


---------------  S Y S T E M  ---------------

OS:
 Windows 11 , 64 bit Build 22621 (10.0.22621.3958)
OS uptime: 1 days 16:25 hours
Hyper-V role detected

CPU: total 12 (initial active 12) (12 cores per cpu, 2 threads per core) family 25 model 80 stepping 0 microcode 0x0, cx8, cmov, fxsr, ht, mmx, 3dnowpref, sse, sse2, sse3, ssse3, sse4a, sse4.1, sse4.2, popcnt, lzcnt, tsc, tscinvbit, avx, avx2, aes, erms, clmul, bmi1, bmi2, adx, sha, fma, vzeroupper, clflush, clflushopt, hv
Processor Information for all 12 processors :
  Max Mhz: 3301, Current Mhz: 3301, Mhz Limit: 3301

Memory: 4k page, system-wide physical 7583M (106M free)
TotalPageFile size 28422M (AvailPageFile size 10M)
current process WorkingSet (physical memory assigned to process): 206M, peak: 211M
current process commit charge ("private bytes"): 264M, peak: 277M

vm_info: OpenJDK 64-Bit Server VM (17.0.11+0--11852314) for windows-amd64 JRE (17.0.11+0--11852314), built on May 16 2024 21:29:20 by "androidbuild" with MS VC++ 16.10 / 16.11 (VS2019)

END.
